<?xml version="1.0" encoding="UTF-8"?>
<testng-results skipped="0" failed="0" total="3" passed="3">
  <reporter-output>
  </reporter-output>
  <suite name="Parallel Execution" duration-ms="249630" started-at="2014-10-29T12:04:31Z" finished-at="2014-10-29T12:08:40Z">
    <groups>
      <group name="smoke">
        <method signature="Submit_Claim.Submit_Claim()[pri:0, instance:com.demo.scripts.Submit_Claim@67b8e498]" name="Submit_Claim" class="com.demo.scripts.Submit_Claim"/>
        <method signature="Verify_Dependent_Coverage.Verify_Dependent_Coverage()[pri:0, instance:com.demo.scripts.Verify_Dependent_Coverage@1ba7ec5b]" name="Verify_Dependent_Coverage" class="com.demo.scripts.Verify_Dependent_Coverage"/>
        <method signature="Verify_Member_Coverage.Verify_Member_Coverage()[pri:0, instance:com.demo.scripts.Verify_Member_Coverage@2aba391a]" name="Verify_Member_Coverage" class="com.demo.scripts.Verify_Member_Coverage"/>
      </group> <!-- smoke -->
    </groups>
    <test name="Login Registration On Firefox" duration-ms="249630" started-at="2014-10-29T12:04:31Z" finished-at="2014-10-29T12:08:40Z">
      <class name="com.demo.scripts.Submit_Claim">
        <test-method status="PASS" signature="first(org.testng.ITestContext, java.lang.String)[pri:0, instance:com.demo.scripts.Submit_Claim@67b8e498]" name="first" is-config="true" duration-ms="27790" started-at="2014-10-29T17:34:31Z" finished-at="2014-10-29T17:34:58Z">
          <params>
            <param index="0">
              <value>
                <![CDATA[org.testng.TestRunner@6fb903c1]]>
              </value>
            </param>
            <param index="1">
              <value>
                <![CDATA[Firefox]]>
              </value>
            </param>
          </params>
          <reporter-output>
          </reporter-output>
        </test-method> <!-- first -->
        <test-method status="PASS" signature="reportHeader(java.lang.reflect.Method, org.testng.ITestContext, java.lang.String)[pri:0, instance:com.demo.scripts.Submit_Claim@67b8e498]" name="reportHeader" is-config="true" duration-ms="29" started-at="2014-10-29T17:34:59Z" finished-at="2014-10-29T17:34:59Z">
          <params>
            <param index="0">
              <value>
                <![CDATA[public void com.demo.scripts.Submit_Claim.Submit_Claim() throws java.lang.Throwable]]>
              </value>
            </param>
            <param index="1">
              <value>
                <![CDATA[org.testng.TestRunner@6fb903c1]]>
              </value>
            </param>
            <param index="2">
              <value>
                <![CDATA[Firefox]]>
              </value>
            </param>
          </params>
          <reporter-output>
          </reporter-output>
        </test-method> <!-- reportHeader -->
        <test-method status="PASS" signature="Submit_Claim()[pri:0, instance:com.demo.scripts.Submit_Claim@67b8e498]" name="Submit_Claim" duration-ms="100118" started-at="2014-10-29T17:34:59Z" finished-at="2014-10-29T17:36:39Z">
          <reporter-output>
          </reporter-output>
        </test-method> <!-- Submit_Claim -->
        <test-method status="PASS" signature="tearDown()[pri:0, instance:com.demo.scripts.Submit_Claim@67b8e498]" name="tearDown" is-config="true" duration-ms="10" started-at="2014-10-29T17:36:39Z" finished-at="2014-10-29T17:36:39Z">
          <reporter-output>
          </reporter-output>
        </test-method> <!-- tearDown -->
        <test-method status="PASS" signature="close(java.lang.String)[pri:0, instance:com.demo.scripts.Submit_Claim@67b8e498]" name="close" is-config="true" duration-ms="9" started-at="2014-10-29T17:36:39Z" finished-at="2014-10-29T17:36:39Z">
          <params>
            <param index="0">
              <value>
                <![CDATA[Firefox]]>
              </value>
            </param>
          </params>
          <reporter-output>
          </reporter-output>
        </test-method> <!-- close -->
      </class> <!-- com.demo.scripts.Submit_Claim -->
      <class name="com.demo.scripts.Verify_Dependent_Coverage">
        <test-method status="PASS" signature="first(org.testng.ITestContext, java.lang.String)[pri:0, instance:com.demo.scripts.Verify_Dependent_Coverage@1ba7ec5b]" name="first" is-config="true" duration-ms="19602" started-at="2014-10-29T17:37:35Z" finished-at="2014-10-29T17:37:55Z">
          <params>
            <param index="0">
              <value>
                <![CDATA[org.testng.TestRunner@6fb903c1]]>
              </value>
            </param>
            <param index="1">
              <value>
                <![CDATA[Firefox]]>
              </value>
            </param>
          </params>
          <reporter-output>
          </reporter-output>
        </test-method> <!-- first -->
        <test-method status="PASS" signature="reportHeader(java.lang.reflect.Method, org.testng.ITestContext, java.lang.String)[pri:0, instance:com.demo.scripts.Verify_Dependent_Coverage@1ba7ec5b]" name="reportHeader" is-config="true" duration-ms="14" started-at="2014-10-29T17:37:55Z" finished-at="2014-10-29T17:37:55Z">
          <params>
            <param index="0">
              <value>
                <![CDATA[public void com.demo.scripts.Verify_Dependent_Coverage.Verify_Dependent_Coverage() throws java.lang.Throwable]]>
              </value>
            </param>
            <param index="1">
              <value>
                <![CDATA[org.testng.TestRunner@6fb903c1]]>
              </value>
            </param>
            <param index="2">
              <value>
                <![CDATA[Firefox]]>
              </value>
            </param>
          </params>
          <reporter-output>
          </reporter-output>
        </test-method> <!-- reportHeader -->
        <test-method status="PASS" signature="Verify_Dependent_Coverage()[pri:0, instance:com.demo.scripts.Verify_Dependent_Coverage@1ba7ec5b]" name="Verify_Dependent_Coverage" duration-ms="45253" started-at="2014-10-29T17:37:55Z" finished-at="2014-10-29T17:38:40Z">
          <reporter-output>
          </reporter-output>
        </test-method> <!-- Verify_Dependent_Coverage -->
        <test-method status="PASS" signature="tearDown()[pri:0, instance:com.demo.scripts.Verify_Dependent_Coverage@1ba7ec5b]" name="tearDown" is-config="true" duration-ms="11" started-at="2014-10-29T17:38:40Z" finished-at="2014-10-29T17:38:40Z">
          <reporter-output>
          </reporter-output>
        </test-method> <!-- tearDown -->
        <test-method status="PASS" signature="close(java.lang.String)[pri:0, instance:com.demo.scripts.Verify_Dependent_Coverage@1ba7ec5b]" name="close" is-config="true" duration-ms="6" started-at="2014-10-29T17:38:40Z" finished-at="2014-10-29T17:38:40Z">
          <params>
            <param index="0">
              <value>
                <![CDATA[Firefox]]>
              </value>
            </param>
          </params>
          <reporter-output>
          </reporter-output>
        </test-method> <!-- close -->
      </class> <!-- com.demo.scripts.Verify_Dependent_Coverage -->
      <class name="com.demo.scripts.Verify_Member_Coverage">
        <test-method status="PASS" signature="first(org.testng.ITestContext)[pri:0, instance:com.demo.scripts.Verify_Member_Coverage@2aba391a]" name="first" is-config="true" duration-ms="9" started-at="2014-10-29T17:34:31Z" finished-at="2014-10-29T17:34:31Z">
          <params>
            <param index="0">
              <value>
                <![CDATA[org.testng.TestRunner@6fb903c1]]>
              </value>
            </param>
          </params>
          <reporter-output>
          </reporter-output>
        </test-method> <!-- first -->
        <test-method status="PASS" signature="first(org.testng.ITestContext, java.lang.String)[pri:0, instance:com.demo.scripts.Verify_Member_Coverage@2aba391a]" name="first" is-config="true" duration-ms="17516" started-at="2014-10-29T17:36:39Z" finished-at="2014-10-29T17:36:56Z">
          <params>
            <param index="0">
              <value>
                <![CDATA[org.testng.TestRunner@6fb903c1]]>
              </value>
            </param>
            <param index="1">
              <value>
                <![CDATA[Firefox]]>
              </value>
            </param>
          </params>
          <reporter-output>
          </reporter-output>
        </test-method> <!-- first -->
        <test-method status="PASS" signature="reportHeader(java.lang.reflect.Method, org.testng.ITestContext, java.lang.String)[pri:0, instance:com.demo.scripts.Verify_Member_Coverage@2aba391a]" name="reportHeader" is-config="true" duration-ms="12" started-at="2014-10-29T17:36:56Z" finished-at="2014-10-29T17:36:56Z">
          <params>
            <param index="0">
              <value>
                <![CDATA[public void com.demo.scripts.Verify_Member_Coverage.Verify_Member_Coverage() throws java.lang.Throwable]]>
              </value>
            </param>
            <param index="1">
              <value>
                <![CDATA[org.testng.TestRunner@6fb903c1]]>
              </value>
            </param>
            <param index="2">
              <value>
                <![CDATA[Firefox]]>
              </value>
            </param>
          </params>
          <reporter-output>
          </reporter-output>
        </test-method> <!-- reportHeader -->
        <test-method status="PASS" signature="Verify_Member_Coverage()[pri:0, instance:com.demo.scripts.Verify_Member_Coverage@2aba391a]" name="Verify_Member_Coverage" duration-ms="37315" started-at="2014-10-29T17:36:56Z" finished-at="2014-10-29T17:37:34Z">
          <reporter-output>
          </reporter-output>
        </test-method> <!-- Verify_Member_Coverage -->
        <test-method status="PASS" signature="tearDown()[pri:0, instance:com.demo.scripts.Verify_Member_Coverage@2aba391a]" name="tearDown" is-config="true" duration-ms="1921" started-at="2014-10-29T17:37:34Z" finished-at="2014-10-29T17:37:35Z">
          <reporter-output>
          </reporter-output>
        </test-method> <!-- tearDown -->
        <test-method status="PASS" signature="close(java.lang.String)[pri:0, instance:com.demo.scripts.Verify_Member_Coverage@2aba391a]" name="close" is-config="true" duration-ms="11" started-at="2014-10-29T17:37:35Z" finished-at="2014-10-29T17:37:35Z">
          <params>
            <param index="0">
              <value>
                <![CDATA[Firefox]]>
              </value>
            </param>
          </params>
          <reporter-output>
          </reporter-output>
        </test-method> <!-- close -->
        <test-method status="FAIL" signature="tearDownChrome(org.testng.ITestContext)[pri:0, instance:com.demo.scripts.Verify_Member_Coverage@2aba391a]" name="tearDownChrome" is-config="true" duration-ms="0" started-at="2014-10-29T17:38:40Z" finished-at="2014-10-29T17:38:40Z">
          <params>
            <param index="0">
              <value>
                <![CDATA[org.testng.TestRunner@6fb903c1]]>
              </value>
            </param>
          </params>
          <exception class="org.openqa.selenium.remote.UnreachableBrowserException">
            <message>
              <![CDATA[Error communicating with the remote browser. It may have died.
Build info: version: '2.43.1', revision: '5163bceef1bc36d43f3dc0b83c88998168a363a0', time: '2014-09-10 09:43:55'
System info: host: 'HW0675', ip: '172.16.12.168', os.name: 'Windows 7', os.arch: 'amd64', os.version: '6.1', java.version: '1.7.0_11'
Driver info: driver.version: EventFiringWebDriver]]>
            </message>
            <full-stacktrace>
              <![CDATA[org.openqa.selenium.remote.UnreachableBrowserException: Error communicating with the remote browser. It may have died.
Build info: version: '2.43.1', revision: '5163bceef1bc36d43f3dc0b83c88998168a363a0', time: '2014-09-10 09:43:55'
System info: host: 'HW0675', ip: '172.16.12.168', os.name: 'Windows 7', os.arch: 'amd64', os.version: '6.1', java.version: '1.7.0_11'
Driver info: driver.version: EventFiringWebDriver
	at org.openqa.selenium.remote.RemoteWebDriver.execute(RemoteWebDriver.java:593)
	at org.openqa.selenium.remote.RemoteWebDriver.execute(RemoteWebDriver.java:614)
	at org.openqa.selenium.remote.RemoteWebDriver.quit(RemoteWebDriver.java:468)
	at sun.reflect.NativeMethodAccessorImpl.invoke0(Native Method)
	at sun.reflect.NativeMethodAccessorImpl.invoke(NativeMethodAccessorImpl.java:57)
	at sun.reflect.DelegatingMethodAccessorImpl.invoke(DelegatingMethodAccessorImpl.java:43)
	at java.lang.reflect.Method.invoke(Method.java:601)
	at org.openqa.selenium.support.events.EventFiringWebDriver$2.invoke(EventFiringWebDriver.java:101)
	at $Proxy12.quit(Unknown Source)
	at org.openqa.selenium.support.events.EventFiringWebDriver.quit(EventFiringWebDriver.java:198)
	at com.gallop.accelerators.TestEngine.tearDownChrome(TestEngine.java:184)
	at sun.reflect.NativeMethodAccessorImpl.invoke0(Native Method)
	at sun.reflect.NativeMethodAccessorImpl.invoke(NativeMethodAccessorImpl.java:57)
	at sun.reflect.DelegatingMethodAccessorImpl.invoke(DelegatingMethodAccessorImpl.java:43)
	at java.lang.reflect.Method.invoke(Method.java:601)
	at org.testng.internal.MethodInvocationHelper.invokeMethod(MethodInvocationHelper.java:84)
	at org.testng.internal.Invoker.invokeConfigurationMethod(Invoker.java:564)
	at org.testng.internal.Invoker.invokeConfigurations(Invoker.java:213)
	at org.testng.internal.Invoker.invokeConfigurations(Invoker.java:138)
	at org.testng.SuiteRunner.privateRun(SuiteRunner.java:322)
	at org.testng.SuiteRunner.run(SuiteRunner.java:254)
	at org.testng.SuiteRunnerWorker.runSuite(SuiteRunnerWorker.java:52)
	at org.testng.SuiteRunnerWorker.run(SuiteRunnerWorker.java:86)
	at org.testng.TestNG.runSuitesSequentially(TestNG.java:1224)
	at org.testng.TestNG.runSuitesLocally(TestNG.java:1149)
	at org.testng.TestNG.run(TestNG.java:1057)
	at org.apache.maven.surefire.testng.TestNGExecutor.run(TestNGExecutor.java:293)
	at org.apache.maven.surefire.testng.TestNGXmlTestSuite.execute(TestNGXmlTestSuite.java:84)
	at org.apache.maven.surefire.testng.TestNGProvider.invoke(TestNGProvider.java:91)
	at org.apache.maven.surefire.booter.ForkedBooter.invokeProviderInSameClassLoader(ForkedBooter.java:200)
	at org.apache.maven.surefire.booter.ForkedBooter.runSuitesInProcess(ForkedBooter.java:153)
	at org.apache.maven.surefire.booter.ForkedBooter.main(ForkedBooter.java:103)
Caused by: org.apache.http.conn.HttpHostConnectException: Connect to 127.0.0.1:7056 [/127.0.0.1] failed: Connection refused: connect
	at org.apache.http.impl.conn.HttpClientConnectionOperator.connect(HttpClientConnectionOperator.java:140)
	at org.apache.http.impl.conn.PoolingHttpClientConnectionManager.connect(PoolingHttpClientConnectionManager.java:318)
	at org.apache.http.impl.execchain.MainClientExec.establishRoute(MainClientExec.java:363)
	at org.apache.http.impl.execchain.MainClientExec.execute(MainClientExec.java:219)
	at org.apache.http.impl.execchain.ProtocolExec.execute(ProtocolExec.java:195)
	at org.apache.http.impl.execchain.RetryExec.execute(RetryExec.java:86)
	at org.apache.http.impl.execchain.RedirectExec.execute(RedirectExec.java:108)
	at org.apache.http.impl.client.InternalHttpClient.doExecute(InternalHttpClient.java:184)
	at org.apache.http.impl.client.CloseableHttpClient.execute(CloseableHttpClient.java:72)
	at org.apache.http.impl.client.CloseableHttpClient.execute(CloseableHttpClient.java:57)
	at org.openqa.selenium.remote.HttpCommandExecutor.fallBackExecute(HttpCommandExecutor.java:215)
	at org.openqa.selenium.remote.HttpCommandExecutor.execute(HttpCommandExecutor.java:184)
	at org.openqa.selenium.firefox.internal.NewProfileExtensionConnection.execute(NewProfileExtensionConnection.java:165)
	at org.openqa.selenium.firefox.FirefoxDriver$LazyCommandExecutor.execute(FirefoxDriver.java:362)
	at org.openqa.selenium.remote.RemoteWebDriver.execute(RemoteWebDriver.java:572)
	... 31 more
Caused by: java.net.ConnectException: Connection refused: connect
	at java.net.DualStackPlainSocketImpl.waitForConnect(Native Method)
	at java.net.DualStackPlainSocketImpl.socketConnect(DualStackPlainSocketImpl.java:75)
	at java.net.AbstractPlainSocketImpl.doConnect(AbstractPlainSocketImpl.java:339)
	at java.net.AbstractPlainSocketImpl.connectToAddress(AbstractPlainSocketImpl.java:200)
	at java.net.AbstractPlainSocketImpl.connect(AbstractPlainSocketImpl.java:182)
	at java.net.PlainSocketImpl.connect(PlainSocketImpl.java:157)
	at java.net.SocksSocketImpl.connect(SocksSocketImpl.java:391)
	at java.net.Socket.connect(Socket.java:579)
	at org.apache.http.conn.socket.PlainConnectionSocketFactory.connectSocket(PlainConnectionSocketFactory.java:72)
	at org.apache.http.impl.conn.HttpClientConnectionOperator.connect(HttpClientConnectionOperator.java:123)
	... 45 more
]]>
            </full-stacktrace>
          </exception> <!-- org.openqa.selenium.remote.UnreachableBrowserException -->
          <reporter-output>
          </reporter-output>
        </test-method> <!-- tearDownChrome -->
        <test-method status="PASS" signature="tearDownFirefox(org.testng.ITestContext)[pri:0, instance:com.demo.scripts.Verify_Member_Coverage@2aba391a]" name="tearDownFirefox" is-config="true" duration-ms="24" started-at="2014-10-29T17:38:42Z" finished-at="2014-10-29T17:38:42Z">
          <params>
            <param index="0">
              <value>
                <![CDATA[org.testng.TestRunner@6fb903c1]]>
              </value>
            </param>
          </params>
          <reporter-output>
          </reporter-output>
        </test-method> <!-- tearDownFirefox -->
      </class> <!-- com.demo.scripts.Verify_Member_Coverage -->
    </test> <!-- Login Registration On Firefox -->
  </suite> <!-- Parallel Execution -->
</testng-results>
