<?xml version="1.0" encoding="UTF-8"?>
<testng-results skipped="0" failed="0" total="2" passed="2">
  <reporter-output>
  </reporter-output>
  <suite name="Parallel Execution" duration-ms="42437" started-at="2015-11-23T09:17:48Z" finished-at="2015-11-23T09:18:30Z">
    <groups>
      <group name="smoke">
        <method signature="Login_Fail.Login_Test_fail()[pri:0, instance:com.demo.scripts.Login_Fail@5c5a1b69]" name="Login_Test_fail" class="com.demo.scripts.Login_Fail"/>
        <method signature="Login_Test.Login_Test()[pri:0, instance:com.demo.scripts.Login_Test@3a5ed7a6]" name="Login_Test" class="com.demo.scripts.Login_Test"/>
      </group> <!-- smoke -->
    </groups>
    <test name="Login Registration On Firefox" duration-ms="42437" started-at="2015-11-23T09:17:48Z" finished-at="2015-11-23T09:18:30Z">
      <class name="com.demo.scripts.Login_Test">
        <test-method status="PASS" signature="first(org.testng.ITestContext)[pri:0, instance:com.demo.scripts.Login_Test@3a5ed7a6]" name="first" is-config="true" duration-ms="14" started-at="2015-11-23T14:47:48Z" finished-at="2015-11-23T14:47:48Z">
          <params>
            <param index="0">
              <value>
                <![CDATA[org.testng.TestRunner@80503]]>
              </value>
            </param>
          </params>
          <reporter-output>
          </reporter-output>
        </test-method> <!-- first -->
        <test-method status="PASS" signature="first(org.testng.ITestContext, java.lang.String)[pri:0, instance:com.demo.scripts.Login_Test@3a5ed7a6]" name="first" is-config="true" duration-ms="11574" started-at="2015-11-23T14:47:48Z" finished-at="2015-11-23T14:48:00Z">
          <params>
            <param index="0">
              <value>
                <![CDATA[org.testng.TestRunner@80503]]>
              </value>
            </param>
            <param index="1">
              <value>
                <![CDATA[Firefox]]>
              </value>
            </param>
          </params>
          <reporter-output>
          </reporter-output>
        </test-method> <!-- first -->
        <test-method status="PASS" signature="reportHeader(java.lang.reflect.Method, org.testng.ITestContext, java.lang.String)[pri:0, instance:com.demo.scripts.Login_Test@3a5ed7a6]" name="reportHeader" is-config="true" duration-ms="14" started-at="2015-11-23T14:48:00Z" finished-at="2015-11-23T14:48:00Z">
          <params>
            <param index="0">
              <value>
                <![CDATA[public void com.demo.scripts.Login_Test.Login_Test() throws java.lang.Throwable]]>
              </value>
            </param>
            <param index="1">
              <value>
                <![CDATA[org.testng.TestRunner@80503]]>
              </value>
            </param>
            <param index="2">
              <value>
                <![CDATA[Firefox]]>
              </value>
            </param>
          </params>
          <reporter-output>
          </reporter-output>
        </test-method> <!-- reportHeader -->
        <test-method status="PASS" signature="Login_Test()[pri:0, instance:com.demo.scripts.Login_Test@3a5ed7a6]" name="Login_Test" duration-ms="9937" started-at="2015-11-23T14:48:00Z" finished-at="2015-11-23T14:48:09Z">
          <reporter-output>
          </reporter-output>
        </test-method> <!-- Login_Test -->
        <test-method status="PASS" signature="tearDown()[pri:0, instance:com.demo.scripts.Login_Test@3a5ed7a6]" name="tearDown" is-config="true" duration-ms="10" started-at="2015-11-23T14:48:09Z" finished-at="2015-11-23T14:48:10Z">
          <reporter-output>
          </reporter-output>
        </test-method> <!-- tearDown -->
        <test-method status="PASS" signature="close(java.lang.String)[pri:0, instance:com.demo.scripts.Login_Test@3a5ed7a6]" name="close" is-config="true" duration-ms="56" started-at="2015-11-23T14:48:10Z" finished-at="2015-11-23T14:48:10Z">
          <params>
            <param index="0">
              <value>
                <![CDATA[Firefox]]>
              </value>
            </param>
          </params>
          <reporter-output>
          </reporter-output>
        </test-method> <!-- close -->
        <test-method status="FAIL" signature="tearDownChrome(org.testng.ITestContext)[pri:0, instance:com.demo.scripts.Login_Test@3a5ed7a6]" name="tearDownChrome" is-config="true" duration-ms="0" started-at="2015-11-23T14:48:30Z" finished-at="2015-11-23T14:48:30Z">
          <params>
            <param index="0">
              <value>
                <![CDATA[org.testng.TestRunner@80503]]>
              </value>
            </param>
          </params>
          <exception class="org.openqa.selenium.remote.UnreachableBrowserException">
            <message>
              <![CDATA[Error communicating with the remote browser. It may have died.
Build info: version: '2.45.0', revision: '5017cb8', time: '2015-02-26 23:59:50'
System info: host: 'PRINHYLTPDL0556', ip: '172.16.17.126', os.name: 'Windows 8.1', os.arch: 'amd64', os.version: '6.3', java.version: '1.8.0_31'
Driver info: driver.version: EventFiringWebDriver]]>
            </message>
            <full-stacktrace>
              <![CDATA[org.openqa.selenium.remote.UnreachableBrowserException: Error communicating with the remote browser. It may have died.
Build info: version: '2.45.0', revision: '5017cb8', time: '2015-02-26 23:59:50'
System info: host: 'PRINHYLTPDL0556', ip: '172.16.17.126', os.name: 'Windows 8.1', os.arch: 'amd64', os.version: '6.3', java.version: '1.8.0_31'
Driver info: driver.version: EventFiringWebDriver
	at org.openqa.selenium.remote.RemoteWebDriver.execute(RemoteWebDriver.java:593)
	at org.openqa.selenium.remote.RemoteWebDriver.execute(RemoteWebDriver.java:622)
	at org.openqa.selenium.remote.RemoteWebDriver.quit(RemoteWebDriver.java:468)
	at sun.reflect.NativeMethodAccessorImpl.invoke0(Native Method)
	at sun.reflect.NativeMethodAccessorImpl.invoke(NativeMethodAccessorImpl.java:62)
	at sun.reflect.DelegatingMethodAccessorImpl.invoke(DelegatingMethodAccessorImpl.java:43)
	at java.lang.reflect.Method.invoke(Method.java:483)
	at org.openqa.selenium.support.events.EventFiringWebDriver$2.invoke(EventFiringWebDriver.java:101)
	at com.sun.proxy.$Proxy11.quit(Unknown Source)
	at org.openqa.selenium.support.events.EventFiringWebDriver.quit(EventFiringWebDriver.java:198)
	at com.gallop.accelerators.TestEngine.tearDownChrome(TestEngine.java:177)
	at sun.reflect.NativeMethodAccessorImpl.invoke0(Native Method)
	at sun.reflect.NativeMethodAccessorImpl.invoke(NativeMethodAccessorImpl.java:62)
	at sun.reflect.DelegatingMethodAccessorImpl.invoke(DelegatingMethodAccessorImpl.java:43)
	at java.lang.reflect.Method.invoke(Method.java:483)
	at org.testng.internal.MethodInvocationHelper.invokeMethod(MethodInvocationHelper.java:84)
	at org.testng.internal.Invoker.invokeConfigurationMethod(Invoker.java:564)
	at org.testng.internal.Invoker.invokeConfigurations(Invoker.java:213)
	at org.testng.internal.Invoker.invokeConfigurations(Invoker.java:138)
	at org.testng.SuiteRunner.privateRun(SuiteRunner.java:308)
	at org.testng.SuiteRunner.run(SuiteRunner.java:240)
	at org.testng.SuiteRunnerWorker.runSuite(SuiteRunnerWorker.java:52)
	at org.testng.SuiteRunnerWorker.run(SuiteRunnerWorker.java:86)
	at org.testng.TestNG.runSuitesSequentially(TestNG.java:1224)
	at org.testng.TestNG.runSuitesLocally(TestNG.java:1149)
	at org.testng.TestNG.run(TestNG.java:1057)
	at org.testng.remote.RemoteTestNG.run(RemoteTestNG.java:111)
	at org.testng.remote.RemoteTestNG.initAndRun(RemoteTestNG.java:204)
	at org.testng.remote.RemoteTestNG.main(RemoteTestNG.java:175)
Caused by: org.apache.http.conn.HttpHostConnectException: Connect to 127.0.0.1:7055 [/127.0.0.1] failed: Connection refused: connect
	at org.apache.http.impl.conn.HttpClientConnectionOperator.connect(HttpClientConnectionOperator.java:142)
	at org.apache.http.impl.conn.PoolingHttpClientConnectionManager.connect(PoolingHttpClientConnectionManager.java:319)
	at org.apache.http.impl.execchain.MainClientExec.establishRoute(MainClientExec.java:363)
	at org.apache.http.impl.execchain.MainClientExec.execute(MainClientExec.java:219)
	at org.apache.http.impl.execchain.ProtocolExec.execute(ProtocolExec.java:195)
	at org.apache.http.impl.execchain.RetryExec.execute(RetryExec.java:86)
	at org.apache.http.impl.execchain.RedirectExec.execute(RedirectExec.java:108)
	at org.apache.http.impl.client.InternalHttpClient.doExecute(InternalHttpClient.java:184)
	at org.apache.http.impl.client.CloseableHttpClient.execute(CloseableHttpClient.java:72)
	at org.apache.http.impl.client.CloseableHttpClient.execute(CloseableHttpClient.java:57)
	at org.openqa.selenium.remote.internal.ApacheHttpClient.fallBackExecute(ApacheHttpClient.java:126)
	at org.openqa.selenium.remote.internal.ApacheHttpClient.execute(ApacheHttpClient.java:72)
	at org.openqa.selenium.remote.HttpCommandExecutor.execute(HttpCommandExecutor.java:133)
	at org.openqa.selenium.firefox.internal.NewProfileExtensionConnection.execute(NewProfileExtensionConnection.java:165)
	at org.openqa.selenium.firefox.FirefoxDriver$LazyCommandExecutor.execute(FirefoxDriver.java:362)
	at org.openqa.selenium.remote.RemoteWebDriver.execute(RemoteWebDriver.java:572)
	... 28 more
Caused by: java.net.ConnectException: Connection refused: connect
	at java.net.DualStackPlainSocketImpl.waitForConnect(Native Method)
	at java.net.DualStackPlainSocketImpl.socketConnect(DualStackPlainSocketImpl.java:85)
	at java.net.AbstractPlainSocketImpl.doConnect(AbstractPlainSocketImpl.java:345)
	at java.net.AbstractPlainSocketImpl.connectToAddress(AbstractPlainSocketImpl.java:206)
	at java.net.AbstractPlainSocketImpl.connect(AbstractPlainSocketImpl.java:188)
	at java.net.PlainSocketImpl.connect(PlainSocketImpl.java:172)
	at java.net.SocksSocketImpl.connect(SocksSocketImpl.java:392)
	at java.net.Socket.connect(Socket.java:589)
	at org.apache.http.conn.socket.PlainConnectionSocketFactory.connectSocket(PlainConnectionSocketFactory.java:72)
	at org.apache.http.impl.conn.HttpClientConnectionOperator.connect(HttpClientConnectionOperator.java:125)
	... 43 more
]]>
            </full-stacktrace>
          </exception> <!-- org.openqa.selenium.remote.UnreachableBrowserException -->
          <reporter-output>
          </reporter-output>
        </test-method> <!-- tearDownChrome -->
        <test-method status="PASS" signature="tearDownFirefox(org.testng.ITestContext)[pri:0, instance:com.demo.scripts.Login_Test@3a5ed7a6]" name="tearDownFirefox" is-config="true" duration-ms="15" started-at="2015-11-23T14:48:32Z" finished-at="2015-11-23T14:48:32Z">
          <params>
            <param index="0">
              <value>
                <![CDATA[org.testng.TestRunner@80503]]>
              </value>
            </param>
          </params>
          <reporter-output>
          </reporter-output>
        </test-method> <!-- tearDownFirefox -->
      </class> <!-- com.demo.scripts.Login_Test -->
      <class name="com.demo.scripts.Login_Fail">
        <test-method status="PASS" signature="first(org.testng.ITestContext, java.lang.String)[pri:0, instance:com.demo.scripts.Login_Fail@5c5a1b69]" name="first" is-config="true" duration-ms="10272" started-at="2015-11-23T14:48:10Z" finished-at="2015-11-23T14:48:20Z">
          <params>
            <param index="0">
              <value>
                <![CDATA[org.testng.TestRunner@80503]]>
              </value>
            </param>
            <param index="1">
              <value>
                <![CDATA[Firefox]]>
              </value>
            </param>
          </params>
          <reporter-output>
          </reporter-output>
        </test-method> <!-- first -->
        <test-method status="PASS" signature="reportHeader(java.lang.reflect.Method, org.testng.ITestContext, java.lang.String)[pri:0, instance:com.demo.scripts.Login_Fail@5c5a1b69]" name="reportHeader" is-config="true" duration-ms="12" started-at="2015-11-23T14:48:20Z" finished-at="2015-11-23T14:48:20Z">
          <params>
            <param index="0">
              <value>
                <![CDATA[public void com.demo.scripts.Login_Fail.Login_Test_fail() throws java.lang.Throwable]]>
              </value>
            </param>
            <param index="1">
              <value>
                <![CDATA[org.testng.TestRunner@80503]]>
              </value>
            </param>
            <param index="2">
              <value>
                <![CDATA[Firefox]]>
              </value>
            </param>
          </params>
          <reporter-output>
          </reporter-output>
        </test-method> <!-- reportHeader -->
        <test-method status="PASS" signature="Login_Test_fail()[pri:0, instance:com.demo.scripts.Login_Fail@5c5a1b69]" name="Login_Test_fail" duration-ms="10482" started-at="2015-11-23T14:48:20Z" finished-at="2015-11-23T14:48:30Z">
          <reporter-output>
          </reporter-output>
        </test-method> <!-- Login_Test_fail -->
        <test-method status="PASS" signature="tearDown()[pri:0, instance:com.demo.scripts.Login_Fail@5c5a1b69]" name="tearDown" is-config="true" duration-ms="9" started-at="2015-11-23T14:48:30Z" finished-at="2015-11-23T14:48:30Z">
          <reporter-output>
          </reporter-output>
        </test-method> <!-- tearDown -->
        <test-method status="PASS" signature="close(java.lang.String)[pri:0, instance:com.demo.scripts.Login_Fail@5c5a1b69]" name="close" is-config="true" duration-ms="55" started-at="2015-11-23T14:48:30Z" finished-at="2015-11-23T14:48:30Z">
          <params>
            <param index="0">
              <value>
                <![CDATA[Firefox]]>
              </value>
            </param>
          </params>
          <reporter-output>
          </reporter-output>
        </test-method> <!-- close -->
      </class> <!-- com.demo.scripts.Login_Fail -->
    </test> <!-- Login Registration On Firefox -->
  </suite> <!-- Parallel Execution -->
</testng-results>
